<?xml version="1.0" encoding="UTF-8"?>
<!-- Generated by org.testng.reporters.JUnitReportReporter -->
<testsuite hostname="SHANKAR-PC" failures="0" tests="2" name="com.pom.test.LoginPageTest" time="29.781" errors="0" timestamp="03 Apr 2023 15:57:04 GMT" skipped="0">
  <testcase classname="com.pom.test.LoginPageTest" name="LoginTest" time="17.537"/>
  <testcase classname="com.pom.test.LoginPageTest" name="loginTest1" time="12.244"/>
</testsuite> <!-- com.pom.test.LoginPageTest -->
